This is pdfTeX, Version 3.14159265-2.6-1.40.21 (MiKTeX 2.9.7440 64-bit) (preloaded format=pdflatex 2020.6.16)  23 JUN 2020 23:36
entering extended mode
**"c:/Users/asads/OneDrive - Higher Education Commission/Project/FYP Thesis/Final Thesis/thesis.tex"
("c:/Users/asads/OneDrive - Higher Education Commission/Project/FYP Thesis/Final Thesis/thesis.tex"
LaTeX2e <2020-02-02> patch level 5
L3 programming layer <2020-06-03> ("c:/Users\asads\OneDrive - Higher Education Commission\Project\FYP Thesis\Final Thesis\pieasthesis.cls"
Document Class: pieasthesis 2011/10/30 v1.0 PIEAS Thesis class
("C:\Program Files\MiKTeX 2.9\tex/latex/setspace\setspace.sty"
Package: setspace 2011/12/19 v6.7a set line spacing
)
\c@subyear=\count167
 ("C:\Program Files\MiKTeX 2.9\tex/latex/base\report.cls"
Document Class: report 2019/12/20 v1.4l Standard LaTeX document class
("C:\Program Files\MiKTeX 2.9\tex/latex/base\size12.clo"
File: size12.clo 2019/12/20 v1.4l Standard LaTeX file (size option)
)
\c@part=\count168
\c@chapter=\count169
\c@section=\count170
\c@subsection=\count171
\c@subsubsection=\count172
\c@paragraph=\count173
\c@subparagraph=\count174
\c@figure=\count175
\c@table=\count176
\abovecaptionskip=\skip47
\belowcaptionskip=\skip48
\bibindent=\dimen134
)) ("C:\Program Files\MiKTeX 2.9\tex/latex/graphics\graphicx.sty"
Package: graphicx 2019/11/30 v1.2a Enhanced LaTeX Graphics (DPC,SPQR)
 ("C:\Program Files\MiKTeX 2.9\tex/latex/graphics\keyval.sty"
Package: keyval 2014/10/28 v1.15 key=value parser (DPC)
\KV@toks@=\toks15
) ("C:\Program Files\MiKTeX 2.9\tex/latex/graphics\graphics.sty"
Package: graphics 2019/11/30 v1.4a Standard LaTeX Graphics (DPC,SPQR)
 ("C:\Program Files\MiKTeX 2.9\tex/latex/graphics\trig.sty"
Package: trig 2016/01/03 v1.10 sin cos tan (DPC)
) ("C:\Program Files\MiKTeX 2.9\tex/latex/graphics-cfg\graphics.cfg"
File: graphics.cfg 2016/06/04 v1.11 sample graphics configuration
)
Package graphics Info: Driver file: pdftex.def on input line 105.
 ("C:\Program Files\MiKTeX 2.9\tex/latex/graphics-def\pdftex.def"
File: pdftex.def 2018/01/08 v1.0l Graphics/color driver for pdftex
))
\Gin@req@height=\dimen135
\Gin@req@width=\dimen136
) ("C:\Program Files\MiKTeX 2.9\tex/latex/tools\verbatim.sty"
Package: verbatim 2019/11/10 v1.5r LaTeX2e package for verbatim enhancements
\every@verbatim=\toks16
\verbatim@line=\toks17
\verbatim@in@stream=\read2
) ("C:\Program Files\MiKTeX 2.9\tex/latex/amsmath\amsmath.sty"
Package: amsmath 2020/01/20 v2.17e AMS math features
\@mathmargin=\skip49

For additional information on amsmath, use the `?' option.
("C:\Program Files\MiKTeX 2.9\tex/latex/amsmath\amstext.sty"
Package: amstext 2000/06/29 v2.01 AMS text
 ("C:\Program Files\MiKTeX 2.9\tex/latex/amsmath\amsgen.sty"
File: amsgen.sty 1999/11/30 v2.0 generic functions
\@emptytoks=\toks18
\ex@=\dimen137
)) ("C:\Program Files\MiKTeX 2.9\tex/latex/amsmath\amsbsy.sty"
Package: amsbsy 1999/11/29 v1.2d Bold Symbols
\pmbraise@=\dimen138
) ("C:\Program Files\MiKTeX 2.9\tex/latex/amsmath\amsopn.sty"
Package: amsopn 2016/03/08 v2.02 operator names
)
\inf@bad=\count177
LaTeX Info: Redefining \frac on input line 227.
\uproot@=\count178
\leftroot@=\count179
LaTeX Info: Redefining \overline on input line 389.
\classnum@=\count180
\DOTSCASE@=\count181
LaTeX Info: Redefining \ldots on input line 486.
LaTeX Info: Redefining \dots on input line 489.
LaTeX Info: Redefining \cdots on input line 610.
\Mathstrutbox@=\box45
\strutbox@=\box46
\big@size=\dimen139
LaTeX Font Info:    Redeclaring font encoding OML on input line 733.
LaTeX Font Info:    Redeclaring font encoding OMS on input line 734.
\macc@depth=\count182
\c@MaxMatrixCols=\count183
\dotsspace@=\muskip16
\c@parentequation=\count184
\dspbrk@lvl=\count185
\tag@help=\toks19
\row@=\count186
\column@=\count187
\maxfields@=\count188
\andhelp@=\toks20
\eqnshift@=\dimen140
\alignsep@=\dimen141
\tagshift@=\dimen142
\tagwidth@=\dimen143
\totwidth@=\dimen144
\lineht@=\dimen145
\@envbody=\toks21
\multlinegap=\skip50
\multlinetaggap=\skip51
\mathdisplay@stack=\toks22
LaTeX Info: Redefining \[ on input line 2859.
LaTeX Info: Redefining \] on input line 2860.
) ("C:\Program Files\MiKTeX 2.9\tex/latex/multirow\multirow.sty"
Package: multirow 2019/05/31 v2.5 Span multiple rows of a table
\multirow@colwidth=\skip52
\multirow@cntb=\count189
\multirow@dima=\skip53
\bigstrutjot=\dimen146
) ("C:\Program Files\MiKTeX 2.9\tex/latex/tools\longtable.sty"
Package: longtable 2020/01/07 v4.13 Multi-page Table package (DPC)
\LTleft=\skip54
\LTright=\skip55
\LTpre=\skip56
\LTpost=\skip57
\LTchunksize=\count190
\LTcapwidth=\dimen147
\LT@head=\box47
\LT@firsthead=\box48
\LT@foot=\box49
\LT@lastfoot=\box50
\LT@cols=\count191
\LT@rows=\count192
\c@LT@tables=\count193
\c@LT@chunks=\count194
\LT@p@ftn=\toks23
) ("C:\Program Files\MiKTeX 2.9\tex/latex/booktabs\booktabs.sty"
Package: booktabs 2020/01/12 v1.61803398 Publication quality tables
\heavyrulewidth=\dimen148
\lightrulewidth=\dimen149
\cmidrulewidth=\dimen150
\belowrulesep=\dimen151
\belowbottomsep=\dimen152
\aboverulesep=\dimen153
\abovetopsep=\dimen154
\cmidrulesep=\dimen155
\cmidrulekern=\dimen156
\defaultaddspace=\dimen157
\@cmidla=\count195
\@cmidlb=\count196
\@aboverulesep=\dimen158
\@belowrulesep=\dimen159
\@thisruleclass=\count197
\@lastruleclass=\count198
\@thisrulewidth=\dimen160
) ("C:\Program Files\MiKTeX 2.9\tex/latex/graphics\epsfig.sty"
Package: epsfig 2017/06/25 v1.7b (e)psfig emulation (SPQR)
\epsfxsize=\dimen161
\epsfysize=\dimen162
) ("C:\Program Files\MiKTeX 2.9\tex/latex/epstopdf-pkg\epstopdf.sty"
Package: epstopdf 2020-01-24 v2.11 Conversion with epstopdf on the fly (HO)
 ("C:\Program Files\MiKTeX 2.9\tex/generic/infwarerr\infwarerr.sty"
Package: infwarerr 2019/12/03 v1.5 Providing info/warning/error messages (HO)
) ("C:\Program Files\MiKTeX 2.9\tex/latex/grfext\grfext.sty"
Package: grfext 2019/12/03 v1.3 Manage graphics extensions (HO)
 ("C:\Program Files\MiKTeX 2.9\tex/generic/kvdefinekeys\kvdefinekeys.sty"
Package: kvdefinekeys 2019-12-19 v1.6 Define keys (HO)
)) ("C:\Program Files\MiKTeX 2.9\tex/latex/kvoptions\kvoptions.sty"
Package: kvoptions 2019/11/29 v3.13 Key value format for package options (HO)
 ("C:\Program Files\MiKTeX 2.9\tex/generic/ltxcmds\ltxcmds.sty"
Package: ltxcmds 2019/12/15 v1.24 LaTeX kernel commands for general use (HO)
) ("C:\Program Files\MiKTeX 2.9\tex/generic/kvsetkeys\kvsetkeys.sty"
Package: kvsetkeys 2019/12/15 v1.18 Key value parser (HO)
)) ("C:\Program Files\MiKTeX 2.9\tex/latex/pdftexcmds\pdftexcmds.sty"
Package: pdftexcmds 2020-06-04 v0.32 Utility functions of pdfTeX for LuaTeX (HO)
 ("C:\Program Files\MiKTeX 2.9\tex/generic/iftex\iftex.sty"
Package: iftex 2020/03/06 v1.0d TeX engine tests
)
Package pdftexcmds Info: \pdf@primitive is available.
Package pdftexcmds Info: \pdf@ifprimitive is available.
Package pdftexcmds Info: \pdfdraftmode found.
) ("C:\Program Files\MiKTeX 2.9\tex/latex/epstopdf-pkg\epstopdf-base.sty"
Package: epstopdf-base 2020-01-24 v2.11 Base part for package epstopdf
Package epstopdf-base Info: Redefining graphics rule for `.eps' on input line 485.
Package grfext Info: Graphics extension search list:
(grfext)             [.pdf,.png,.jpg,.mps,.jpeg,.jbig2,.jb2,.PDF,.PNG,.JPG,.JPEG,.JBIG2,.JB2,.eps]
(grfext)             \AppendGraphicsExtensions on input line 504.
)) ("C:\Program Files\MiKTeX 2.9\tex/latex/tools\multicol.sty"
Package: multicol 2019/12/09 v1.8y multicolumn formatting (FMi)
\c@tracingmulticols=\count199
\mult@box=\box51
\multicol@leftmargin=\dimen163
\c@unbalance=\count266
\c@collectmore=\count267
\doublecol@number=\count268
\multicoltolerance=\count269
\multicolpretolerance=\count270
\full@width=\dimen164
\page@free=\dimen165
\premulticols=\dimen166
\postmulticols=\dimen167
\multicolsep=\skip58
\multicolbaselineskip=\skip59
\partial@page=\box52
\last@line=\box53
\maxbalancingoverflow=\dimen168
\mult@rightbox=\box54
\mult@grightbox=\box55
\mult@gfirstbox=\box56
\mult@firstbox=\box57
\@tempa=\box58
\@tempa=\box59
\@tempa=\box60
\@tempa=\box61
\@tempa=\box62
\@tempa=\box63
\@tempa=\box64
\@tempa=\box65
\@tempa=\box66
\@tempa=\box67
\@tempa=\box68
\@tempa=\box69
\@tempa=\box70
\@tempa=\box71
\@tempa=\box72
\@tempa=\box73
\@tempa=\box74
\@tempa=\box75
\@tempa=\box76
\@tempa=\box77
\@tempa=\box78
\@tempa=\box79
\@tempa=\box80
\@tempa=\box81
\@tempa=\box82
\@tempa=\box83
\@tempa=\box84
\@tempa=\box85
\@tempa=\box86
\@tempa=\box87
\@tempa=\box88
\@tempa=\box89
\@tempa=\box90
\@tempa=\box91
\@tempa=\box92
\@tempa=\box93
\@tempa=\box94
\c@minrows=\count271
\c@columnbadness=\count272
\c@finalcolumnbadness=\count273
\last@try=\dimen169
\multicolovershoot=\dimen170
\multicolundershoot=\dimen171
\mult@nat@firstbox=\box95
\colbreak@box=\box96
\mc@col@check@num=\count274
) ("C:\Program Files\MiKTeX 2.9\tex/latex/geometry\geometry.sty"
Package: geometry 2020/01/02 v5.9 Page Geometry
 ("C:\Program Files\MiKTeX 2.9\tex/generic/iftex\ifvtex.sty"
Package: ifvtex 2019/10/25 v1.7 ifvtex legacy package. Use iftex instead.
)
\Gm@cnth=\count275
\Gm@cntv=\count276
\c@Gm@tempcnt=\count277
\Gm@bindingoffset=\dimen172
\Gm@wd@mp=\dimen173
\Gm@odd@mp=\dimen174
\Gm@even@mp=\dimen175
\Gm@layoutwidth=\dimen176
\Gm@layoutheight=\dimen177
\Gm@layouthoffset=\dimen178
\Gm@layoutvoffset=\dimen179
\Gm@dimlist=\toks24
 ("C:\Program Files\MiKTeX 2.9\tex/latex/geometry\geometry.cfg")) ("C:\Program Files\MiKTeX 2.9\tex/latex/base\inputenc.sty"
Package: inputenc 2018/08/11 v1.3c Input encoding file
\inpenc@prehook=\toks25
\inpenc@posthook=\toks26
) ("C:\Program Files\MiKTeX 2.9\tex/latex/float\float.sty"
Package: float 2001/11/08 v1.3d Float enhancements (AL)
\c@float@type=\count278
\float@exts=\toks27
\float@box=\box97
\@float@everytoks=\toks28
\@floatcapt=\box98
) ("C:\Program Files\MiKTeX 2.9\tex/latex/preprint\fullpage.sty"
Package: fullpage 1999/02/23 1.1 (PWD)
\FP@margin=\skip60
) ("C:\Program Files\MiKTeX 2.9\tex/latex/pbox\pbox.sty"
Package: pbox 2011/12/07 v1.2 Dynamic parboxes
 ("C:\Program Files\MiKTeX 2.9\tex/latex/tools\calc.sty"
Package: calc 2017/05/25 v4.3 Infix arithmetic (KKT,FJ)
\calc@Acount=\count279
\calc@Bcount=\count280
\calc@Adimen=\dimen180
\calc@Bdimen=\dimen181
\calc@Askip=\skip61
\calc@Bskip=\skip62
LaTeX Info: Redefining \setlength on input line 80.
LaTeX Info: Redefining \addtolength on input line 81.
\calc@Ccount=\count281
\calc@Cskip=\skip63
) ("C:\Program Files\MiKTeX 2.9\tex/latex/base\ifthen.sty"
Package: ifthen 2014/09/29 v1.1c Standard LaTeX ifthen package (DPC)
)
\pb@xlen=\skip64
) ("C:\Program Files\MiKTeX 2.9\tex/latex/hyperref\hyperref.sty"
Package: hyperref 2020-05-15 v7.00e Hypertext links for LaTeX
 ("C:\Program Files\MiKTeX 2.9\tex/generic/pdfescape\pdfescape.sty"
Package: pdfescape 2019/12/09 v1.15 Implements pdfTeX's escape features (HO)
) ("C:\Program Files\MiKTeX 2.9\tex/latex/hycolor\hycolor.sty"
Package: hycolor 2020-01-27 v1.10 Color options for hyperref/bookmark (HO)
) ("C:\Program Files\MiKTeX 2.9\tex/latex/letltxmacro\letltxmacro.sty"
Package: letltxmacro 2019/12/03 v1.6 Let assignment for LaTeX macros (HO)
) ("C:\Program Files\MiKTeX 2.9\tex/latex/auxhook\auxhook.sty"
Package: auxhook 2019-12-17 v1.6 Hooks for auxiliary files (HO)
)
\@linkdim=\dimen182
\Hy@linkcounter=\count282
\Hy@pagecounter=\count283
 ("C:\Program Files\MiKTeX 2.9\tex/latex/hyperref\pd1enc.def"
File: pd1enc.def 2020-05-15 v7.00e Hyperref: PDFDocEncoding definition (HO)
Now handling font encoding PD1 ...
... no UTF-8 mapping file for font encoding PD1
) ("C:\Program Files\MiKTeX 2.9\tex/generic/intcalc\intcalc.sty"
Package: intcalc 2019/12/15 v1.3 Expandable calculations with integers (HO)
) ("C:\Program Files\MiKTeX 2.9\tex/generic/etexcmds\etexcmds.sty"
Package: etexcmds 2019/12/15 v1.7 Avoid name clashes with e-TeX commands (HO)
)
\Hy@SavedSpaceFactor=\count284
Package hyperref Info: Hyper figures OFF on input line 4464.
Package hyperref Info: Link nesting OFF on input line 4469.
Package hyperref Info: Hyper index ON on input line 4472.
Package hyperref Info: Plain pages OFF on input line 4479.
Package hyperref Info: Backreferencing OFF on input line 4484.
Package hyperref Info: Implicit mode ON; LaTeX internals redefined.
Package hyperref Info: Bookmarks ON on input line 4717.
\c@Hy@tempcnt=\count285
 ("C:\Program Files\MiKTeX 2.9\tex/latex/url\url.sty"
\Urlmuskip=\muskip17
Package: url 2013/09/16  ver 3.4  Verb mode for urls, etc.
)
LaTeX Info: Redefining \url on input line 5076.
\XeTeXLinkMargin=\dimen183
 ("C:\Program Files\MiKTeX 2.9\tex/generic/bitset\bitset.sty"
Package: bitset 2019/12/09 v1.3 Handle bit-vector datatype (HO)
 ("C:\Program Files\MiKTeX 2.9\tex/generic/bigintcalc\bigintcalc.sty"
Package: bigintcalc 2019/12/15 v1.5 Expandable calculations on big integers (HO)
))
\Fld@menulength=\count286
\Field@Width=\dimen184
\Fld@charsize=\dimen185
Package hyperref Info: Hyper figures OFF on input line 6347.
Package hyperref Info: Link nesting OFF on input line 6352.
Package hyperref Info: Hyper index ON on input line 6355.
Package hyperref Info: backreferencing OFF on input line 6362.
Package hyperref Info: Link coloring OFF on input line 6367.
Package hyperref Info: Link coloring with OCG OFF on input line 6372.
Package hyperref Info: PDF/A mode OFF on input line 6377.
LaTeX Info: Redefining \ref on input line 6417.
LaTeX Info: Redefining \pageref on input line 6421.
 ("C:\Program Files\MiKTeX 2.9\tex/generic/atbegshi\atbegshi.sty"
Package: atbegshi 2019/12/05 v1.19 At begin shipout hook (HO)
)
\Hy@abspage=\count287
\c@Item=\count288
\c@Hfootnote=\count289
)
Package hyperref Info: Driver (autodetected): hpdftex.
 ("C:\Program Files\MiKTeX 2.9\tex/latex/hyperref\hpdftex.def"
File: hpdftex.def 2020-05-15 v7.00e Hyperref driver for pdfTeX
 ("C:\Program Files\MiKTeX 2.9\tex/latex/atveryend\atveryend.sty"
Package: atveryend 2019-12-11 v1.11 Hooks at the very end of document (HO)
Package atveryend Info: \enddocument detected (standard20110627).
)
\Fld@listcount=\count290
\c@bookmark@seq@number=\count291
 ("C:\Program Files\MiKTeX 2.9\tex/latex/rerunfilecheck\rerunfilecheck.sty"
Package: rerunfilecheck 2019/12/05 v1.9 Rerun checks for auxiliary files (HO)
 ("C:\Program Files\MiKTeX 2.9\tex/generic/uniquecounter\uniquecounter.sty"
Package: uniquecounter 2019/12/15 v1.4 Provide unlimited unique counter (HO)
)
Package uniquecounter Info: New unique counter `rerunfilecheck' on input line 286.
)
\Hy@SectionHShift=\skip65
)
Package hyperref Info: Option `bookmarksnumbered' set `true' on input line 56.


Package hyperref Warning: Token not allowed in a PDF string (PDFDocEncoding):
(hyperref)                removing `\\' on input line 58.


Package hyperref Warning: Token not allowed in a PDF string (PDFDocEncoding):
(hyperref)                removing `\\' on input line 58.

("C:\Program Files\MiKTeX 2.9\tex/latex/sectsty\sectsty.sty"
Package: sectsty 2002/02/25 v2.0.2 Commands to change all sectional heading styles


LaTeX Warning: Command \underbar  has changed.
               Check if current package is valid.


LaTeX Warning: Command \underline  has changed.
               Check if current package is valid.

) ("C:\Program Files\MiKTeX 2.9\tex/latex/lipsum\lipsum.sty" ("C:\Program Files\MiKTeX 2.9\tex/latex/l3kernel\expl3.sty"
Package: expl3 2020-06-03 L3 programming layer (loader) 
 ("C:\Program Files\MiKTeX 2.9\tex/latex/l3backend\l3backend-pdfmode.def"
File: l3backend-pdfmode.def 2020-06-03 L3 backend support: PDF mode
\l__kernel_color_stack_int=\count292
\l__pdf_internal_box=\box99
)) ("C:\Program Files\MiKTeX 2.9\tex/latex/l3packages/xparse\xparse.sty"
Package: xparse 2020-05-15 L3 Experimental document command parser
 ("C:\Program Files\MiKTeX 2.9\tex/latex/l3packages/xparse\xparse-generic.tex"
\l__xparse_current_arg_int=\count293
\g__xparse_grabber_int=\count294
\l__xparse_m_args_int=\count295
\l__xparse_v_nesting_int=\count296
))
Package: lipsum 2019/01/02 v2.2 150 paragraphs of Lorem Ipsum dummy text
 ("C:\Program Files\MiKTeX 2.9\tex/latex/lipsum\lipsum.ltd.tex"
File: lipsum.ltd.tex 2019/01/02 v2.2 The Lorem ipsum dummy text
)) ("C:\Program Files\MiKTeX 2.9\tex/latex/fancyhdr\fancyhdr.sty"
Package: fancyhdr 2019/01/31 v3.10 Extensive control of page headers and footers
\f@nch@headwidth=\skip66
\f@nch@O@elh=\skip67
\f@nch@O@erh=\skip68
\f@nch@O@olh=\skip69
\f@nch@O@orh=\skip70
\f@nch@O@elf=\skip71
\f@nch@O@erf=\skip72
\f@nch@O@olf=\skip73
\f@nch@O@orf=\skip74
) ("C:\Program Files\MiKTeX 2.9\tex/latex/caption\caption.sty"
Package: caption 2020/05/30 v3.4k Customizing captions (AR)
 ("C:\Program Files\MiKTeX 2.9\tex/latex/caption\caption3.sty"
Package: caption3 2020/05/30 v1.12 caption3 kernel (AR)
Package caption3 Info: TeX engine: e-TeX on input line 61.
\captionmargin=\dimen186
\captionmargin@=\dimen187
\captionwidth=\dimen188
\caption@tempdima=\dimen189
\caption@indent=\dimen190
\caption@parindent=\dimen191
\caption@hangindent=\dimen192
Package caption Info: Standard document class detected.
)
\c@caption@flags=\count297
\c@continuedfloat=\count298
Package caption Info: float package is loaded.
Package caption Info: hyperref package is loaded.
Package caption Info: longtable package is loaded.
 ("C:\Program Files\MiKTeX 2.9\tex/latex/caption\ltcaption.sty"
Package: ltcaption 2020/05/30 v1.4b longtable captions (AR)
)) ("C:\Program Files\MiKTeX 2.9\tex/latex/caption\subcaption.sty"
Package: subcaption 2020/01/22 v1.3d Sub-captions (AR)
\c@subfigure=\count299
\c@subtable=\count300
) ("C:\Program Files\MiKTeX 2.9\tex/latex/xcolor\xcolor.sty"
Package: xcolor 2016/05/11 v2.12 LaTeX color extensions (UK)
 ("C:\Program Files\MiKTeX 2.9\tex/latex/graphics-cfg\color.cfg"
File: color.cfg 2016/01/02 v1.6 sample color configuration
)
Package xcolor Info: Driver file: pdftex.def on input line 225.
Package xcolor Info: Model `cmy' substituted by `cmy0' on input line 1348.
Package xcolor Info: Model `hsb' substituted by `rgb' on input line 1352.
Package xcolor Info: Model `RGB' extended on input line 1364.
Package xcolor Info: Model `HTML' substituted by `rgb' on input line 1366.
Package xcolor Info: Model `Hsb' substituted by `hsb' on input line 1367.
Package xcolor Info: Model `tHsb' substituted by `hsb' on input line 1368.
Package xcolor Info: Model `HSB' substituted by `hsb' on input line 1369.
Package xcolor Info: Model `Gray' substituted by `gray' on input line 1370.
Package xcolor Info: Model `wave' substituted by `hsb' on input line 1371.
) ("C:\Program Files\MiKTeX 2.9\tex/latex/minted\minted.sty"
Package: minted 2017/07/19 v2.5 Yet another Pygments shim for LaTeX
 ("C:\Program Files\MiKTeX 2.9\tex/latex/fvextra\fvextra.sty"
Package: fvextra 2019/02/04 v1.4 fvextra - extensions and patches for fancyvrb
 ("C:\Program Files\MiKTeX 2.9\tex/latex/etoolbox\etoolbox.sty"
Package: etoolbox 2019/09/21 v2.5h e-TeX tools for LaTeX (JAW)
\etb@tempcnta=\count301
) ("C:\Program Files\MiKTeX 2.9\tex/latex/fancyvrb\fancyvrb.sty"
Package: fancyvrb 2020/05/03 v3.6 verbatim text (tvz,hv)
\FV@CodeLineNo=\count302
\FV@InFile=\read3
\FV@TabBox=\box100
\c@FancyVerbLine=\count303
\FV@StepNumber=\count304
\FV@OutFile=\write3
) ("C:\Program Files\MiKTeX 2.9\tex/latex/upquote\upquote.sty"
Package: upquote 2012/04/19 v1.3 upright-quote and grave-accent glyphs in verbatim
) ("C:\Program Files\MiKTeX 2.9\tex/latex/lineno\lineno.sty"
Package: lineno 2005/11/02 line numbers on paragraphs v4.41
\linenopenalty=\count305
\output=\toks29
\linenoprevgraf=\count306
\linenumbersep=\dimen193
\linenumberwidth=\dimen194
\c@linenumber=\count307
\c@pagewiselinenumber=\count308
\c@LN@truepage=\count309
\c@internallinenumber=\count310
\c@internallinenumbers=\count311
\quotelinenumbersep=\dimen195
\bframerule=\dimen196
\bframesep=\dimen197
\bframebox=\box101
LaTeX Info: Redefining \\ on input line 3056.
)
\c@FV@TrueTabGroupLevel=\count312
\c@FV@TrueTabCounter=\count313
\FV@TabBox@Group=\box102
\FV@TmpLength=\skip75
\c@FV@HighlightLinesStart=\count314
\c@FV@HighlightLinesStop=\count315
\FV@LoopCount=\count316
\FV@NCharsBox=\box103
\FV@BreakIndent=\dimen198
\FV@BreakIndentNChars=\count317
\FV@BreakSymbolSepLeft=\dimen199
\FV@BreakSymbolSepLeftNChars=\count318
\FV@BreakSymbolSepRight=\dimen256
\FV@BreakSymbolSepRightNChars=\count319
\FV@BreakSymbolIndentLeft=\dimen257
\FV@BreakSymbolIndentLeftNChars=\count320
\FV@BreakSymbolIndentRight=\dimen258
\FV@BreakSymbolIndentRightNChars=\count321
\c@FancyVerbLineBreakLast=\count322
\FV@LineBox=\box104
\FV@LineIndentBox=\box105
\FV@LineWidth=\dimen259
) ("C:\Program Files\MiKTeX 2.9\tex/latex/tools\shellesc.sty"
Package: shellesc 2019/11/08 v1.0c unified shell escape interface for LaTeX
Package shellesc Info: Unrestricted shell escape enabled on input line 75.
) ("C:\Program Files\MiKTeX 2.9\tex/latex/ifplatform\ifplatform.sty"
Package: ifplatform 2017/10/13 v0.4a Testing for the operating system
 ("C:\Program Files\MiKTeX 2.9\tex/generic/catchfile\catchfile.sty"
Package: catchfile 2019/12/09 v1.8 Catch the contents of a file (HO)
) ("C:\Program Files\MiKTeX 2.9\tex/generic/iftex\ifluatex.sty"
Package: ifluatex 2019/10/25 v1.5 ifluatex legacy package. Use iftex instead.
)) ("C:\Program Files\MiKTeX 2.9\tex/latex/xstring\xstring.sty" ("C:\Program Files\MiKTeX 2.9\tex/generic/xstring\xstring.tex"
\integerpart=\count323
\decimalpart=\count324
)
Package: xstring 2019/02/06 v1.83 String manipulations (CT)
) ("C:\Program Files\MiKTeX 2.9\tex/latex/framed\framed.sty"
Package: framed 2011/10/22 v 0.96: framed or shaded text with page breaks
\OuterFrameSep=\skip76
\fb@frw=\dimen260
\fb@frh=\dimen261
\FrameRule=\dimen262
\FrameSep=\dimen263
)
\minted@appexistsfile=\read4
\minted@bgbox=\box106
\minted@code=\write4
\c@minted@FancyVerbLineTemp=\count325
\c@minted@pygmentizecounter=\count326
\@float@every@listing=\toks30
\c@listing=\count327
)
runsystem(if not exist _minted-thesis mkdir _minted-thesis)...executed.

 ("C:\Program Files\MiKTeX 2.9\tex/latex/mwe\mwe.sty"
Package: mwe 2018/03/30 v0.5 Package to support minimal working examples (MWE)
 ("C:\Program Files\MiKTeX 2.9\tex/latex/blindtext\blindtext.sty"
Package: blindtext 2012/01/06 V2.0 blindtext-Package
 ("C:\Program Files\MiKTeX 2.9\tex/latex/tools\xspace.sty"
Package: xspace 2014/10/28 v1.13 Space after command names (DPC,MH)
)
\c@blindtext=\count328
\c@Blindtext=\count329
\c@blind@countparstart=\count330
\blind@countxx=\count331
\blindtext@numBlindtext=\count332
\blind@countyy=\count333
\c@blindlist=\count334
\c@blindlistlevel=\count335
\c@blindlist@level=\count336
\blind@listitem=\count337
\c@blind@listcount=\count338
\c@blind@levelcount=\count339
\blind@mathformula=\count340
\blind@Mathformula=\count341
\c@blind@randomcount=\count342
\c@blind@randommax=\count343
\c@blind@pangramcount=\count344
\c@blind@pangrammax=\count345
)) ("C:\Program Files\MiKTeX 2.9\tex/latex/notoccite\notoccite.sty"
Package: notoccite 2000/07/20
) ("C:\Program Files\MiKTeX 2.9\tex/latex/appendix\appendix.sty"
Package: appendix 2020/02/08 v1.2c extra appendix facilities
\c@@pps=\count346
\c@@ppsavesec=\count347
\c@@ppsaveapp=\count348
)
runsystem(for ^%i in (pygmentize.exe pygmentize.bat pygmentize.cmd) do set > thesis.aex <nul: /p x=^%~$PATH:i>> thesis.aex)...executed.

runsystem(del thesis.aex)...executed.



LaTeX Warning: Unused global option(s):
    [report].

("c:/Users\asads\OneDrive - Higher Education Commission\Project\FYP Thesis\Final Thesis\thesis.aux" ("c:/Users\asads\OneDrive - Higher Education Commission\Project\FYP Thesis\Final Thesis\front/abbreviations.aux") ("c:/Users\asads\OneDrive - Higher Education Commission\Project\FYP Thesis\Final Thesis\CHAPTERS/Chapter-1/Chapter-1.aux") ("c:/Users\asads\OneDrive - Higher Education Commission\Project\FYP Thesis\Final Thesis\CHAPTERS/Chapter-2/Chapter-2.aux") ("c:/Users\asads\OneDrive - Higher Education Commission\Project\FYP Thesis\Final Thesis\CHAPTERS/Chapter-3/Chapter-3.aux") ("c:/Users\asads\OneDrive - Higher Education Commission\Project\FYP Thesis\Final Thesis\CHAPTERS/Chapter-4/Chapter-4.aux"

LaTeX Warning: Label `fig:4.4a' multiply defined.


LaTeX Warning: Label `sub@fig:4.4a' multiply defined.


LaTeX Warning: Label `fig:4.4b' multiply defined.


LaTeX Warning: Label `sub@fig:4.4b' multiply defined.

) ("c:/Users\asads\OneDrive - Higher Education Commission\Project\FYP Thesis\Final Thesis\CHAPTERS/Chapter-5/Chapter-5.aux"))
\openout1 = `thesis.aux'.

LaTeX Font Info:    Checking defaults for OML/cmm/m/it on input line 160.
LaTeX Font Info:    ... okay on input line 160.
LaTeX Font Info:    Checking defaults for OMS/cmsy/m/n on input line 160.
LaTeX Font Info:    ... okay on input line 160.
LaTeX Font Info:    Checking defaults for OT1/cmr/m/n on input line 160.
LaTeX Font Info:    ... okay on input line 160.
LaTeX Font Info:    Checking defaults for T1/cmr/m/n on input line 160.
LaTeX Font Info:    ... okay on input line 160.
LaTeX Font Info:    Checking defaults for TS1/cmr/m/n on input line 160.
LaTeX Font Info:    ... okay on input line 160.
LaTeX Font Info:    Checking defaults for OMX/cmex/m/n on input line 160.
LaTeX Font Info:    ... okay on input line 160.
LaTeX Font Info:    Checking defaults for U/cmr/m/n on input line 160.
LaTeX Font Info:    ... okay on input line 160.
LaTeX Font Info:    Checking defaults for PD1/pdf/m/n on input line 160.
LaTeX Font Info:    ... okay on input line 160.
 ("C:\Program Files\MiKTeX 2.9\tex/context/base/mkii\supp-pdf.mkii"
[Loading MPS to PDF converter (version 2006.09.02).]
\scratchcounter=\count349
\scratchdimen=\dimen264
\scratchbox=\box107
\nofMPsegments=\count350
\nofMParguments=\count351
\everyMPshowfont=\toks31
\MPscratchCnt=\count352
\MPscratchDim=\dimen265
\MPnumerator=\count353
\makeMPintoPDFobject=\count354
\everyMPtoPDFconversion=\toks32
)
*geometry* driver: auto-detecting
*geometry* detected driver: pdftex
*geometry* verbose mode - [ preamble ] result:
* driver: pdftex
* paper: a4paper
* layout: <same size as paper>
* layoutoffset:(h,v)=(0.0pt,0.0pt)
* modes: 
* h-part:(L,W,R)=(108.405pt, 416.83289pt, 72.26999pt)
* v-part:(T,H,B)=(72.26999pt, 700.50687pt, 72.26999pt)
* \paperwidth=597.50787pt
* \paperheight=845.04684pt
* \textwidth=452.9679pt
* \textheight=682.43938pt
* \oddsidemargin=0.0pt
* \evensidemargin=0.0pt
* \topmargin=0.0pt
* \headheight=0.0pt
* \headsep=0.0pt
* \topskip=12.0pt
* \footskip=18.06749pt
* \marginparwidth=35.0pt
* \marginparsep=10.0pt
* \columnsep=10.0pt
* \skip\footins=10.8pt plus 4.0pt minus 2.0pt
* \hoffset=0.0pt
* \voffset=0.0pt
* \mag=1000
* \@twocolumnfalse
* \@twosidefalse
* \@mparswitchfalse
* \@reversemarginfalse
* (1in=72.27pt=25.4mm, 1cm=28.453pt)

\AtBeginShipoutBox=\box108
Package hyperref Info: Link coloring OFF on input line 160.
("C:\Program Files\MiKTeX 2.9\tex/latex/hyperref\nameref.sty"
Package: nameref 2019/09/16 v2.46 Cross-referencing by name of section
 ("C:\Program Files\MiKTeX 2.9\tex/latex/refcount\refcount.sty"
Package: refcount 2019/12/15 v3.6 Data extraction from label references (HO)
) ("C:\Program Files\MiKTeX 2.9\tex/generic/gettitlestring\gettitlestring.sty"
Package: gettitlestring 2019/12/15 v1.6 Cleanup title references (HO)
)
\c@section@level=\count355
)
LaTeX Info: Redefining \ref on input line 160.
LaTeX Info: Redefining \pageref on input line 160.
LaTeX Info: Redefining \nameref on input line 160.
 ("c:/Users\asads\OneDrive - Higher Education Commission\Project\FYP Thesis\Final Thesis\thesis.out") ("c:/Users\asads\OneDrive - Higher Education Commission\Project\FYP Thesis\Final Thesis\thesis.out")
\@outlinefile=\write5
\openout5 = `thesis.out'.

Package caption Info: Begin \AtBeginDocument code.
Package caption Info: End \AtBeginDocument code.


LaTeX Font Warning: Font shape `OT1/cmr/bx/sc' undefined
(Font)              using `OT1/cmr/bx/n' instead on input line 162.

<front/pieas.jpg, id=323, 340.27126pt x 243.15843pt>
File: front/pieas.jpg Graphic file (type jpg)
<use front/pieas.jpg>
Package pdftex.def Info: front/pieas.jpg  used on input line 162.
(pdftex.def)             Requested size: 170.71652pt x 121.99446pt.
[1

{C:/Users/asads/AppData/Local/MiKTeX/2.9/pdftex/config/pdftex.map} <c:/Users/asads/OneDrive - Higher Education Commission/Project/FYP Thesis/Final Thesis/front/pieas.jpg>] [2

]

Package Fancyhdr Warning: \headheight is too small (0.0pt): 
Make it at least 14.49998pt.
We now make it that large for the rest of the document.
This may cause the page layout to be inconsistent, however.

[3

] [4

] [5

] ("c:/Users\asads\OneDrive - Higher Education Commission\Project\FYP Thesis\Final Thesis\thesis.toc" [6


] [7] [8])
\tf@toc=\write6
\openout6 = `thesis.toc'.

 [9] ("c:/Users\asads\OneDrive - Higher Education Commission\Project\FYP Thesis\Final Thesis\thesis.lof" [10



])
\tf@lof=\write7
\openout7 = `thesis.lof'.

 [11] ("c:/Users\asads\OneDrive - Higher Education Commission\Project\FYP Thesis\Final Thesis\thesis.lot")
\tf@lot=\write8
\openout8 = `thesis.lot'.

 [12



] ("c:/Users\asads\OneDrive - Higher Education Commission\Project\FYP Thesis\Final Thesis\front/abstract.tex")

Package hyperref Warning: The anchor of a bookmark and its parent's must not
(hyperref)                be the same. Added a new anchor on input line 162.

[13


]
\openout2 = `front/abbreviations.aux'.

 ("c:/Users\asads\OneDrive - Higher Education Commission\Project\FYP Thesis\Final Thesis\front/abbreviations.tex") [14



]
\openout2 = `CHAPTERS/Chapter-1/Chapter-1.aux'.

 ("c:/Users\asads\OneDrive - Higher Education Commission\Project\FYP Thesis\Final Thesis\CHAPTERS/Chapter-1/Chapter-1.tex"
Chapter 1.
[1







] [2]) [3]
\openout2 = `CHAPTERS/Chapter-2/Chapter-2.aux'.

 ("c:/Users\asads\OneDrive - Higher Education Commission\Project\FYP Thesis\Final Thesis\CHAPTERS/Chapter-2/Chapter-2.tex"
Chapter 2.
[4



]
<CHAPTERS/Chapter-2/Images/2.1.png, id=592, 888.31876pt x 478.03593pt>
File: CHAPTERS/Chapter-2/Images/2.1.png Graphic file (type png)
<use CHAPTERS/Chapter-2/Images/2.1.png>
Package pdftex.def Info: CHAPTERS/Chapter-2/Images/2.1.png  used on input line 37.
(pdftex.def)             Requested size: 362.37569pt x 195.00398pt.
 [5 <c:/Users/asads/OneDrive - Higher Education Commission/Project/FYP Thesis/Final Thesis/CHAPTERS/Chapter-2/Images/2.1.png>]
LaTeX Font Info:    Trying to load font information for OT1+phv on input line 56.
 ("C:\Program Files\MiKTeX 2.9\tex/latex/psnfss\ot1phv.fd"
File: ot1phv.fd 2020/03/25 scalable font definitions for OT1/phv.
)
LaTeX Font Info:    Font shape `OT1/phv/bx/it' in size <14.4> not available
(Font)              Font shape `OT1/phv/b/it' tried instead on input line 56.
LaTeX Font Info:    Font shape `OT1/phv/b/it' in size <14.4> not available
(Font)              Font shape `OT1/phv/b/sl' tried instead on input line 56.
LaTeX Font Info:    Font shape `OT1/phv/bx/it' in size <12> not available
(Font)              Font shape `OT1/phv/b/it' tried instead on input line 56.
LaTeX Font Info:    Font shape `OT1/phv/b/it' in size <12> not available
(Font)              Font shape `OT1/phv/b/sl' tried instead on input line 56.
<CHAPTERS/Chapter-2/Images/2.2.png, id=606, 333.49594pt x 216.05719pt>
File: CHAPTERS/Chapter-2/Images/2.2.png Graphic file (type png)
<use CHAPTERS/Chapter-2/Images/2.2.png>
Package pdftex.def Info: CHAPTERS/Chapter-2/Images/2.2.png  used on input line 67.
(pdftex.def)             Requested size: 166.74756pt x 108.02832pt.
 [6 <c:/Users/asads/OneDrive - Higher Education Commission/Project/FYP Thesis/Final Thesis/CHAPTERS/Chapter-2/Images/2.2.png>]
<CHAPTERS/Chapter-2/Images/2.3.png, id=616, 589.4522pt x 508.14844pt>
File: CHAPTERS/Chapter-2/Images/2.3.png Graphic file (type png)
<use CHAPTERS/Chapter-2/Images/2.3.png>
Package pdftex.def Info: CHAPTERS/Chapter-2/Images/2.3.png  used on input line 85.
(pdftex.def)             Requested size: 362.37569pt x 312.397pt.
<CHAPTERS/Chapter-2/Images/2.4.png, id=617, 625.1355pt x 290.88675pt>
File: CHAPTERS/Chapter-2/Images/2.4.png Graphic file (type png)
<use CHAPTERS/Chapter-2/Images/2.4.png>
Package pdftex.def Info: CHAPTERS/Chapter-2/Images/2.4.png  used on input line 105.
(pdftex.def)             Requested size: 362.37569pt x 168.62122pt.
 [7 <c:/Users/asads/OneDrive - Higher Education Commission/Project/FYP Thesis/Final Thesis/CHAPTERS/Chapter-2/Images/2.3.png>]
<CHAPTERS/Chapter-2/Images/2.5.png, id=625, 338.4645pt x 169.8345pt>
File: CHAPTERS/Chapter-2/Images/2.5.png Graphic file (type png)
<use CHAPTERS/Chapter-2/Images/2.5.png>
Package pdftex.def Info: CHAPTERS/Chapter-2/Images/2.5.png  used on input line 120.
(pdftex.def)             Requested size: 253.84775pt x 127.37555pt.
 [8 <c:/Users/asads/OneDrive - Higher Education Commission/Project/FYP Thesis/Final Thesis/CHAPTERS/Chapter-2/Images/2.4.png> <c:/Users/asads/OneDrive - Higher Education Commission/Project/FYP Thesis/Final Thesis/CHAPTERS/Chapter-2/Images/2.5.png>]
<CHAPTERS/Chapter-2/Images/2.6.png, id=634, 542.025pt x 378.41376pt>
File: CHAPTERS/Chapter-2/Images/2.6.png Graphic file (type png)
<use CHAPTERS/Chapter-2/Images/2.6.png>
Package pdftex.def Info: CHAPTERS/Chapter-2/Images/2.6.png  used on input line 165.
(pdftex.def)             Requested size: 362.37569pt x 252.9989pt.
 [9] [10 <c:/Users/asads/OneDrive - Higher Education Commission/Project/FYP Thesis/Final Thesis/CHAPTERS/Chapter-2/Images/2.6.png>] [11]
<CHAPTERS/Chapter-2/Images/2.7.jpg, id=656, 534.19576pt x 154.77824pt>
File: CHAPTERS/Chapter-2/Images/2.7.jpg Graphic file (type jpg)
<use CHAPTERS/Chapter-2/Images/2.7.jpg>
Package pdftex.def Info: CHAPTERS/Chapter-2/Images/2.7.jpg  used on input line 233.
(pdftex.def)             Requested size: 427.3572pt x 123.82275pt.
<CHAPTERS/Chapter-2/Images/2.8.jpg, id=657, 777.50475pt x 266.1945pt>
File: CHAPTERS/Chapter-2/Images/2.8.jpg Graphic file (type jpg)
<use CHAPTERS/Chapter-2/Images/2.8.jpg>
Package pdftex.def Info: CHAPTERS/Chapter-2/Images/2.8.jpg  used on input line 250.
(pdftex.def)             Requested size: 466.50645pt x 159.71793pt.

Overfull \hbox (13.53856pt too wide) in paragraph at lines 250--251
 [][] 
 []

[12 <c:/Users/asads/OneDrive - Higher Education Commission/Project/FYP Thesis/Final Thesis/CHAPTERS/Chapter-2/Images/2.7.jpg> <c:/Users/asads/OneDrive - Higher Education Commission/Project/FYP Thesis/Final Thesis/CHAPTERS/Chapter-2/Images/2.8.jpg>]
<CHAPTERS/Chapter-2/Images/2.9.jpg, id=667, 699.8145pt x 188.50426pt>
File: CHAPTERS/Chapter-2/Images/2.9.jpg Graphic file (type jpg)
<use CHAPTERS/Chapter-2/Images/2.9.jpg>
Package pdftex.def Info: CHAPTERS/Chapter-2/Images/2.9.jpg  used on input line 265.
(pdftex.def)             Requested size: 419.89194pt x 113.10341pt.
<CHAPTERS/Chapter-2/Images/2.11.png, id=670, 471.7625pt x 277.035pt>
File: CHAPTERS/Chapter-2/Images/2.11.png Graphic file (type png)
<use CHAPTERS/Chapter-2/Images/2.11.png>
Package pdftex.def Info: CHAPTERS/Chapter-2/Images/2.11.png  used on input line 285.
(pdftex.def)             Requested size: 283.05968pt x 166.22227pt.
 [13 <c:/Users/asads/OneDrive - Higher Education Commission/Project/FYP Thesis/Final Thesis/CHAPTERS/Chapter-2/Images/2.9.jpg>]
<CHAPTERS/Chapter-2/Images/2.12.png, id=682, 1756.5625pt x 496.85625pt>
File: CHAPTERS/Chapter-2/Images/2.12.png Graphic file (type png)
<use CHAPTERS/Chapter-2/Images/2.12.png>
Package pdftex.def Info: CHAPTERS/Chapter-2/Images/2.12.png  used on input line 298.
(pdftex.def)             Requested size: 362.37569pt x 102.5006pt.
 [14 <c:/Users/asads/OneDrive - Higher Education Commission/Project/FYP Thesis/Final Thesis/CHAPTERS/Chapter-2/Images/2.11.png (PNG copy)> <c:/Users/asads/OneDrive - Higher Education Commission/Project/FYP Thesis/Final Thesis/CHAPTERS/Chapter-2/Images/2.12.png>]) [15]
\openout2 = `CHAPTERS/Chapter-3/Chapter-3.aux'.

 ("c:/Users\asads\OneDrive - Higher Education Commission\Project\FYP Thesis\Final Thesis\CHAPTERS/Chapter-3/Chapter-3.tex"
Chapter 3.
<CHAPTERS/Chapter-3/Images/3_1.jpg, id=698, 316.93407pt x 176.91093pt>
File: CHAPTERS/Chapter-3/Images/3_1.jpg Graphic file (type jpg)
<use CHAPTERS/Chapter-3/Images/3_1.jpg>
Package pdftex.def Info: CHAPTERS/Chapter-3/Images/3_1.jpg  used on input line 19.
(pdftex.def)             Requested size: 317.07614pt x 177.00496pt.
[16



]
<CHAPTERS/Chapter-3/Images/3.2.png, id=706, 675.52374pt x 405.515pt>
File: CHAPTERS/Chapter-3/Images/3.2.png Graphic file (type png)
<use CHAPTERS/Chapter-3/Images/3.2.png>
Package pdftex.def Info: CHAPTERS/Chapter-3/Images/3.2.png  used on input line 37.
(pdftex.def)             Requested size: 317.07614pt x 190.34456pt.
 [17 <c:/Users/asads/OneDrive - Higher Education Commission/Project/FYP Thesis/Final Thesis/CHAPTERS/Chapter-3/Images/3_1.jpg> <c:/Users/asads/OneDrive - Higher Education Commission/Project/FYP Thesis/Final Thesis/CHAPTERS/Chapter-3/Images/3.2.png>]
<CHAPTERS/Chapter-3/Images/3.3.png, id=716, 853.1875pt x 218.8175pt>
File: CHAPTERS/Chapter-3/Images/3.3.png Graphic file (type png)
<use CHAPTERS/Chapter-3/Images/3.3.png>
Package pdftex.def Info: CHAPTERS/Chapter-3/Images/3.3.png  used on input line 61.
(pdftex.def)             Requested size: 362.37569pt x 92.9411pt.
<CHAPTERS/Chapter-3/Images/3.4.png, id=718, 371.88937pt x 209.28188pt>
File: CHAPTERS/Chapter-3/Images/3.4.png Graphic file (type png)
<use CHAPTERS/Chapter-3/Images/3.4.png>
Package pdftex.def Info: CHAPTERS/Chapter-3/Images/3.4.png  used on input line 79.
(pdftex.def)             Requested size: 317.07614pt x 178.43967pt.
 [18 <c:/Users/asads/OneDrive - Higher Education Commission/Project/FYP Thesis/Final Thesis/CHAPTERS/Chapter-3/Images/3.3.png>]
<CHAPTERS/Chapter-3/Images/3.5.png, id=725, 356.0803pt x 217.5628pt>
File: CHAPTERS/Chapter-3/Images/3.5.png Graphic file (type png)
<use CHAPTERS/Chapter-3/Images/3.5.png>
Package pdftex.def Info: CHAPTERS/Chapter-3/Images/3.5.png  used on input line 94.
(pdftex.def)             Requested size: 317.07614pt x 193.73984pt.
<CHAPTERS/Chapter-3/Images/3.6.png, id=726, 370.38374pt x 211.54031pt>
File: CHAPTERS/Chapter-3/Images/3.6.png Graphic file (type png)
<use CHAPTERS/Chapter-3/Images/3.6.png>
Package pdftex.def Info: CHAPTERS/Chapter-3/Images/3.6.png  used on input line 108.
(pdftex.def)             Requested size: 317.07614pt x 181.098pt.
 [19 <c:/Users/asads/OneDrive - Higher Education Commission/Project/FYP Thesis/Final Thesis/CHAPTERS/Chapter-3/Images/3.4.png (PNG copy)> <c:/Users/asads/OneDrive - Higher Education Commission/Project/FYP Thesis/Final Thesis/CHAPTERS/Chapter-3/Images/3.5.png (PNG copy)>] [20 <c:/Users/asads/OneDrive - Higher Education Commission/Project/FYP Thesis/Final Thesis/CHAPTERS/Chapter-3/Images/3.6.png>]
<CHAPTERS/Chapter-3/Images/3.7.jpg, id=737, 361.35pt x 253.94875pt>
File: CHAPTERS/Chapter-3/Images/3.7.jpg Graphic file (type jpg)
<use CHAPTERS/Chapter-3/Images/3.7.jpg>
Package pdftex.def Info: CHAPTERS/Chapter-3/Images/3.7.jpg  used on input line 145.
(pdftex.def)             Requested size: 317.07614pt x 222.83621pt.
 [21 <c:/Users/asads/OneDrive - Higher Education Commission/Project/FYP Thesis/Final Thesis/CHAPTERS/Chapter-3/Images/3.7.jpg>]
<CHAPTERS/Chapter-3/Images/3.8.jpg, id=751, 361.35pt x 248.93pt>
File: CHAPTERS/Chapter-3/Images/3.8.jpg Graphic file (type jpg)
<use CHAPTERS/Chapter-3/Images/3.8.jpg>
Package pdftex.def Info: CHAPTERS/Chapter-3/Images/3.8.jpg  used on input line 163.
(pdftex.def)             Requested size: 317.07614pt x 218.43233pt.
 [22 <c:/Users/asads/OneDrive - Higher Education Commission/Project/FYP Thesis/Final Thesis/CHAPTERS/Chapter-3/Images/3.8.jpg>]
<CHAPTERS/Chapter-3/Images/3.9a.png, id=761, 215.00325pt x 167.4255pt>
File: CHAPTERS/Chapter-3/Images/3.9a.png Graphic file (type png)
<use CHAPTERS/Chapter-3/Images/3.9a.png>
Package pdftex.def Info: CHAPTERS/Chapter-3/Images/3.9a.png  used on input line 210.
(pdftex.def)             Requested size: 142.26344pt x 124.62357pt.
<CHAPTERS/Chapter-3/Images/3.9b.png, id=762, 340.8735pt x 224.7597pt>
File: CHAPTERS/Chapter-3/Images/3.9b.png Graphic file (type png)
<use CHAPTERS/Chapter-3/Images/3.9b.png>
Package pdftex.def Info: CHAPTERS/Chapter-3/Images/3.9b.png  used on input line 212.
(pdftex.def)             Requested size: 142.26605pt x 113.8097pt.
<CHAPTERS/Chapter-3/Images/3.10a.png, id=767, 227.04825pt x 125.87025pt>
File: CHAPTERS/Chapter-3/Images/3.10a.png Graphic file (type png)
<use CHAPTERS/Chapter-3/Images/3.10a.png>
Package pdftex.def Info: CHAPTERS/Chapter-3/Images/3.10a.png  used on input line 242.
(pdftex.def)             Requested size: 170.71535pt x 113.81226pt.
<CHAPTERS/Chapter-3/Images/3.10b.png, id=768, 268.75406pt x 157.33781pt>
File: CHAPTERS/Chapter-3/Images/3.10b.png Graphic file (type png)
<use CHAPTERS/Chapter-3/Images/3.10b.png>
Package pdftex.def Info: CHAPTERS/Chapter-3/Images/3.10b.png  used on input line 244.
(pdftex.def)             Requested size: 170.71844pt x 113.8113pt.
 [23 <c:/Users/asads/OneDrive - Higher Education Commission/Project/FYP Thesis/Final Thesis/CHAPTERS/Chapter-3/Images/3.9a.png> <c:/Users/asads/OneDrive - Higher Education Commission/Project/FYP Thesis/Final Thesis/CHAPTERS/Chapter-3/Images/3.9b.png>]
<CHAPTERS/Chapter-3/Images/3.11.png, id=777, 436.63126pt x 227.34938pt>
File: CHAPTERS/Chapter-3/Images/3.11.png Graphic file (type png)
<use CHAPTERS/Chapter-3/Images/3.11.png>
Package pdftex.def Info: CHAPTERS/Chapter-3/Images/3.11.png  used on input line 259.
(pdftex.def)             Requested size: 271.7835pt x 141.51367pt.
 [24 <c:/Users/asads/OneDrive - Higher Education Commission/Project/FYP Thesis/Final Thesis/CHAPTERS/Chapter-3/Images/3.10a.png> <c:/Users/asads/OneDrive - Higher Education Commission/Project/FYP Thesis/Final Thesis/CHAPTERS/Chapter-3/Images/3.10b.png> <c:/Users/asads/OneDrive - Higher Education Commission/Project/FYP Thesis/Final Thesis/CHAPTERS/Chapter-3/Images/3.11.png>]) [25]
\openout2 = `CHAPTERS/Chapter-4/Chapter-4.aux'.

 ("c:/Users\asads\OneDrive - Higher Education Commission\Project\FYP Thesis\Final Thesis\CHAPTERS/Chapter-4/Chapter-4.tex"
Chapter 4.
<CHAPTERS/Chapter-4/Images/system_overview-01.jpg, id=791, 245.9589pt x 354.3639pt>
File: CHAPTERS/Chapter-4/Images/system_overview-01.jpg Graphic file (type jpg)
<use CHAPTERS/Chapter-4/Images/system_overview-01.jpg>
Package pdftex.def Info: CHAPTERS/Chapter-4/Images/system_overview-01.jpg  used on input line 19.
(pdftex.def)             Requested size: 221.36095pt x 318.92455pt.
\openout3 = `thesis.pyg'.

("c:/Users\asads\OneDrive - Higher Education Commission\Project\FYP Thesis\Final Thesis\_minted-thesis/default-pyg-prefix.pygstyle") ("c:/Users\asads\OneDrive - Higher Education Commission\Project\FYP Thesis\Final Thesis\_minted-thesis/default.pygstyle") ("c:/Users\asads\OneDrive - Higher Education Commission\Project\FYP Thesis\Final Thesis\_minted-thesis/EB84D6AF4E88E293DEF78C0FF0A395440102E502927AACB428B4F294F23E2359.pygtex"
LaTeX Font Info:    Font shape `OT1/cmtt/bx/n' in size <10> not available
(Font)              Font shape `OT1/cmtt/m/n' tried instead on input line 2.
)
Package hyperref Info: bookmark level for unknown listing defaults to 0 on input line 54.
 [26



]
<CHAPTERS/Chapter-4/Images/4.1.png, id=798, 374.3586pt x 297.7524pt>
File: CHAPTERS/Chapter-4/Images/4.1.png Graphic file (type png)
<use CHAPTERS/Chapter-4/Images/4.1.png>
Package pdftex.def Info: CHAPTERS/Chapter-4/Images/4.1.png  used on input line 61.
(pdftex.def)             Requested size: 299.48727pt x 238.20222pt.
 [27 <c:/Users/asads/OneDrive - Higher Education Commission/Project/FYP Thesis/Final Thesis/CHAPTERS/Chapter-4/Images/system_overview-01.jpg>] [28 <c:/Users/asads/OneDrive - Higher Education Commission/Project/FYP Thesis/Final Thesis/CHAPTERS/Chapter-4/Images/4.1.png>]
<CHAPTERS/Chapter-4/Images/class_label-01.jpg, id=812, 1400.23125pt x 761.84625pt>
File: CHAPTERS/Chapter-4/Images/class_label-01.jpg Graphic file (type jpg)
<use CHAPTERS/Chapter-4/Images/class_label-01.jpg>
Package pdftex.def Info: CHAPTERS/Chapter-4/Images/class_label-01.jpg  used on input line 110.
(pdftex.def)             Requested size: 280.04129pt x 152.36655pt.
\openout3 = `thesis.pyg'.

 [29 <c:/Users/asads/OneDrive - Higher Education Commission/Project/FYP Thesis/Final Thesis/CHAPTERS/Chapter-4/Images/class_label-01.jpg>] ("c:/Users\asads\OneDrive - Higher Education Commission\Project\FYP Thesis\Final Thesis\_minted-thesis/964EB40B99BDC7091AEFD7C33571F8220102E502927AACB428B4F294F23E2359.pygtex") [30]
\openout3 = `thesis.pyg'.

 ("c:/Users\asads\OneDrive - Higher Education Commission\Project\FYP Thesis\Final Thesis\_minted-thesis/1A5859FE5CEB601A3C76950EF25F09350102E502927AACB428B4F294F23E2359.pygtex")
\openout3 = `thesis.pyg'.

 ("c:/Users\asads\OneDrive - Higher Education Commission\Project\FYP Thesis\Final Thesis\_minted-thesis/B1839F7C33BCED0923F2E779C2DDAC0A0102E502927AACB428B4F294F23E2359.pygtex")
<CHAPTERS/Chapter-4/Images/model_summary_2.jpg, id=829, 299.6796pt x 235.6002pt>
File: CHAPTERS/Chapter-4/Images/model_summary_2.jpg Graphic file (type jpg)
<use CHAPTERS/Chapter-4/Images/model_summary_2.jpg>
Package pdftex.def Info: CHAPTERS/Chapter-4/Images/model_summary_2.jpg  used on input line 221.
(pdftex.def)             Requested size: 299.67885pt x 235.59961pt.
 [31]
\openout3 = `thesis.pyg'.

 ("c:/Users\asads\OneDrive - Higher Education Commission\Project\FYP Thesis\Final Thesis\_minted-thesis/397DDA08C220AC7F62A82665B3DA9C030102E502927AACB428B4F294F23E2359.pygtex") [32 <c:/Users/asads/OneDrive - Higher Education Commission/Project/FYP Thesis/Final Thesis/CHAPTERS/Chapter-4/Images/model_summary_2.jpg>]
\openout3 = `thesis.pyg'.

 ("c:/Users\asads\OneDrive - Higher Education Commission\Project\FYP Thesis\Final Thesis\_minted-thesis/B8CB17EE74E530F06DCCE12E089318330102E502927AACB428B4F294F23E2359.pygtex") [33]
\openout3 = `thesis.pyg'.

 ("c:/Users\asads\OneDrive - Higher Education Commission\Project\FYP Thesis\Final Thesis\_minted-thesis/B2CF62C3A0F09FB919A583F9FCCE47BD0102E502927AACB428B4F294F23E2359.pygtex") [34]
\openout3 = `thesis.pyg'.

 ("c:/Users\asads\OneDrive - Higher Education Commission\Project\FYP Thesis\Final Thesis\_minted-thesis/B0EA406BEA64E9FCF5E5D148A43ADC590102E502927AACB428B4F294F23E2359.pygtex")
\openout3 = `thesis.pyg'.

 ("c:/Users\asads\OneDrive - Higher Education Commission\Project\FYP Thesis\Final Thesis\_minted-thesis/EF0811DA02F85330EB85610FD9EE865A0102E502927AACB428B4F294F23E2359.pygtex") [35]
<CHAPTERS/Chapter-4/Images/4.4a.png, id=865, 394.47375pt x 279.0425pt>
File: CHAPTERS/Chapter-4/Images/4.4a.png Graphic file (type png)
<use CHAPTERS/Chapter-4/Images/4.4a.png>
Package pdftex.def Info: CHAPTERS/Chapter-4/Images/4.4a.png  used on input line 447.
(pdftex.def)             Requested size: 197.23639pt x 139.5209pt.
<CHAPTERS/Chapter-4/Images/4.4b.png, id=866, 388.45125pt x 279.0425pt>
File: CHAPTERS/Chapter-4/Images/4.4b.png Graphic file (type png)
<use CHAPTERS/Chapter-4/Images/4.4b.png>
Package pdftex.def Info: CHAPTERS/Chapter-4/Images/4.4b.png  used on input line 452.
(pdftex.def)             Requested size: 194.22514pt x 139.5209pt.
<CHAPTERS/Chapter-4/Images/summary.jpg, id=868, 307.8702pt x 367.3725pt>
File: CHAPTERS/Chapter-4/Images/summary.jpg Graphic file (type jpg)
<use CHAPTERS/Chapter-4/Images/summary.jpg>
Package pdftex.def Info: CHAPTERS/Chapter-4/Images/summary.jpg  used on input line 469.
(pdftex.def)             Requested size: 246.29648pt x 293.89838pt.
 [36 <c:/Users/asads/OneDrive - Higher Education Commission/Project/FYP Thesis/Final Thesis/CHAPTERS/Chapter-4/Images/4.4a.png> <c:/Users/asads/OneDrive - Higher Education Commission/Project/FYP Thesis/Final Thesis/CHAPTERS/Chapter-4/Images/4.4b.png>]
<CHAPTERS/Chapter-4/Images/4.6a.png, id=877, 387.4475pt x 279.0425pt>
File: CHAPTERS/Chapter-4/Images/4.6a.png Graphic file (type png)
<use CHAPTERS/Chapter-4/Images/4.6a.png>
Package pdftex.def Info: CHAPTERS/Chapter-4/Images/4.6a.png  used on input line 483.
(pdftex.def)             Requested size: 193.72327pt x 139.5209pt.
<CHAPTERS/Chapter-4/Images/4.6b.png, id=878, 387.4475pt x 279.0425pt>
File: CHAPTERS/Chapter-4/Images/4.6b.png Graphic file (type png)
<use CHAPTERS/Chapter-4/Images/4.6b.png>
Package pdftex.def Info: CHAPTERS/Chapter-4/Images/4.6b.png  used on input line 488.
(pdftex.def)             Requested size: 193.72327pt x 139.5209pt.
 [37 <c:/Users/asads/OneDrive - Higher Education Commission/Project/FYP Thesis/Final Thesis/CHAPTERS/Chapter-4/Images/summary.jpg> <c:/Users/asads/OneDrive - Higher Education Commission/Project/FYP Thesis/Final Thesis/CHAPTERS/Chapter-4/Images/4.6a.png> <c:/Users/asads/OneDrive - Higher Education Commission/Project/FYP Thesis/Final Thesis/CHAPTERS/Chapter-4/Images/4.6b.png>]
<CHAPTERS/Chapter-4/Images/4.7a.jpg, id=888, 187.902pt x 195.73125pt>
File: CHAPTERS/Chapter-4/Images/4.7a.jpg Graphic file (type jpg)
<use CHAPTERS/Chapter-4/Images/4.7a.jpg>
Package pdftex.def Info: CHAPTERS/Chapter-4/Images/4.7a.jpg  used on input line 540.
(pdftex.def)             Requested size: 128.04404pt x 128.0451pt.
<CHAPTERS/Chapter-4/Images/4.7b.jpg, id=889, 191.5155pt x 193.32225pt>
File: CHAPTERS/Chapter-4/Images/4.7b.jpg Graphic file (type jpg)
<use CHAPTERS/Chapter-4/Images/4.7b.jpg>
Package pdftex.def Info: CHAPTERS/Chapter-4/Images/4.7b.jpg  used on input line 545.
(pdftex.def)             Requested size: 128.04585pt x 128.04146pt.
<CHAPTERS/Chapter-4/Images/4.7c.jpg, id=890, 190.311pt x 196.93575pt>
File: CHAPTERS/Chapter-4/Images/4.7c.jpg Graphic file (type jpg)
<use CHAPTERS/Chapter-4/Images/4.7c.jpg>
Package pdftex.def Info: CHAPTERS/Chapter-4/Images/4.7c.jpg  used on input line 550.
(pdftex.def)             Requested size: 128.0449pt x 128.04576pt.
 [38 <c:/Users/asads/OneDrive - Higher Education Commission/Project/FYP Thesis/Final Thesis/CHAPTERS/Chapter-4/Images/4.7a.jpg> <c:/Users/asads/OneDrive - Higher Education Commission/Project/FYP Thesis/Final Thesis/CHAPTERS/Chapter-4/Images/4.7b.jpg> <c:/Users/asads/OneDrive - Higher Education Commission/Project/FYP Thesis/Final Thesis/CHAPTERS/Chapter-4/Images/4.7c.jpg>]) [39]
\openout2 = `CHAPTERS/Chapter-5/Chapter-5.aux'.

 ("c:/Users\asads\OneDrive - Higher Education Commission\Project\FYP Thesis\Final Thesis\CHAPTERS/Chapter-5/Chapter-5.tex"
Chapter 5.
<CHAPTERS/Chapter-5/images/5.1.png, id=903, 1154.06157pt x 863.47594pt>
File: CHAPTERS/Chapter-5/images/5.1.png Graphic file (type png)
<use CHAPTERS/Chapter-5/images/5.1.png>
Package pdftex.def Info: CHAPTERS/Chapter-5/images/5.1.png  used on input line 12.
(pdftex.def)             Requested size: 288.51468pt x 215.86845pt.
[40



]
<CHAPTERS/Chapter-5/images/5.2.png, id=911, 413.29407pt x 102.3825pt>
File: CHAPTERS/Chapter-5/images/5.2.png Graphic file (type png)
<use CHAPTERS/Chapter-5/images/5.2.png>
Package pdftex.def Info: CHAPTERS/Chapter-5/images/5.2.png  used on input line 21.
(pdftex.def)             Requested size: 413.29305pt x 102.38225pt.
 [41 <c:/Users/asads/OneDrive - Higher Education Commission/Project/FYP Thesis/Final Thesis/CHAPTERS/Chapter-5/images/5.1.png>]
<CHAPTERS/Chapter-5/images/5.3.PNG, id=922, 303.38344pt x 386.19281pt>
File: CHAPTERS/Chapter-5/images/5.3.PNG Graphic file (type png)
<use CHAPTERS/Chapter-5/images/5.3.PNG>
Package pdftex.def Info: CHAPTERS/Chapter-5/images/5.3.PNG  used on input line 32.
(pdftex.def)             Requested size: 303.38269pt x 386.19185pt.
 [42 <c:/Users/asads/OneDrive - Higher Education Commission/Project/FYP Thesis/Final Thesis/CHAPTERS/Chapter-5/images/5.2.png>]
<CHAPTERS/Chapter-5/images/5.4a.PNG, id=930, 164.11313pt x 143.78719pt>
File: CHAPTERS/Chapter-5/images/5.4a.PNG Graphic file (type png)
<use CHAPTERS/Chapter-5/images/5.4a.PNG>
Package pdftex.def Info: CHAPTERS/Chapter-5/images/5.4a.PNG  used on input line 45.
(pdftex.def)             Requested size: 114.87839pt x 100.65034pt.
<CHAPTERS/Chapter-5/images/5.4b.PNG, id=931, 163.3603pt x 143.78719pt>
File: CHAPTERS/Chapter-5/images/5.4b.PNG Graphic file (type png)
<use CHAPTERS/Chapter-5/images/5.4b.PNG>
Package pdftex.def Info: CHAPTERS/Chapter-5/images/5.4b.PNG  used on input line 50.
(pdftex.def)             Requested size: 114.35143pt x 100.65034pt.
 [43 <c:/Users/asads/OneDrive - Higher Education Commission/Project/FYP Thesis/Final Thesis/CHAPTERS/Chapter-5/images/5.3.PNG>]

LaTeX Warning: Command \textquoteright invalid in math mode on input line 67.


LaTeX Warning: Command \textquoteright invalid in math mode on input line 67.


LaTeX Warning: Command \textquoteright invalid in math mode on input line 67.


LaTeX Warning: Command \textquoteright invalid in math mode on input line 67.


LaTeX Warning: Command \textquoteright invalid in math mode on input line 67.


LaTeX Warning: Command \textquoteright invalid in math mode on input line 67.

[44 <c:/Users/asads/OneDrive - Higher Education Commission/Project/FYP Thesis/Final Thesis/CHAPTERS/Chapter-5/images/5.4a.PNG> <c:/Users/asads/OneDrive - Higher Education Commission/Project/FYP Thesis/Final Thesis/CHAPTERS/Chapter-5/images/5.4b.PNG>]
<CHAPTERS/Chapter-5/images/5.5.PNG, id=947, 325.96782pt x 256.70906pt>
File: CHAPTERS/Chapter-5/images/5.5.PNG Graphic file (type png)
<use CHAPTERS/Chapter-5/images/5.5.PNG>
Package pdftex.def Info: CHAPTERS/Chapter-5/images/5.5.PNG  used on input line 89.
(pdftex.def)             Requested size: 228.1759pt x 179.6951pt.
 [45]
\openout3 = `thesis.pyg'.

 ("c:/Users\asads\OneDrive - Higher Education Commission\Project\FYP Thesis\Final Thesis\_minted-thesis/2E173D4DCE592E23CC2A80D3C4E5B9C20102E502927AACB428B4F294F23E2359.pygtex")
<CHAPTERS/Chapter-5/images/5.6.PNG, id=958, 295.1025pt x 203.25937pt>
File: CHAPTERS/Chapter-5/images/5.6.PNG Graphic file (type png)
<use CHAPTERS/Chapter-5/images/5.6.PNG>
Package pdftex.def Info: CHAPTERS/Chapter-5/images/5.6.PNG  used on input line 119.
(pdftex.def)             Requested size: 295.10176pt x 203.25887pt.
 [46 <c:/Users/asads/OneDrive - Higher Education Commission/Project/FYP Thesis/Final Thesis/CHAPTERS/Chapter-5/images/5.5.PNG>]
<CHAPTERS/Chapter-5/images/5.7.PNG, id=966, 1028.34187pt x 513.41812pt>
File: CHAPTERS/Chapter-5/images/5.7.PNG Graphic file (type png)
<use CHAPTERS/Chapter-5/images/5.7.PNG>
Package pdftex.def Info: CHAPTERS/Chapter-5/images/5.7.PNG  used on input line 128.
(pdftex.def)             Requested size: 308.50494pt x 154.02661pt.
 [47 <c:/Users/asads/OneDrive - Higher Education Commission/Project/FYP Thesis/Final Thesis/CHAPTERS/Chapter-5/images/5.6.PNG> <c:/Users/asads/OneDrive - Higher Education Commission/Project/FYP Thesis/Final Thesis/CHAPTERS/Chapter-5/images/5.7.PNG>]
\openout3 = `thesis.pyg'.

 ("c:/Users\asads\OneDrive - Higher Education Commission\Project\FYP Thesis\Final Thesis\_minted-thesis/29B2F44A4AAF57B41099016CD54C5B000102E502927AACB428B4F294F23E2359.pygtex")
\openout3 = `thesis.pyg'.

 [48] ("c:/Users\asads\OneDrive - Higher Education Commission\Project\FYP Thesis\Final Thesis\_minted-thesis/AF50437BFEAECBDDD1ED0290B95C37F30102E502927AACB428B4F294F23E2359.pygtex")
\openout3 = `thesis.pyg'.

 ("c:/Users\asads\OneDrive - Higher Education Commission\Project\FYP Thesis\Final Thesis\_minted-thesis/D3CE41B8B23A0BB509F3D5BEC7B70E9D0102E502927AACB428B4F294F23E2359.pygtex")
\openout3 = `thesis.pyg'.

 ("c:/Users\asads\OneDrive - Higher Education Commission\Project\FYP Thesis\Final Thesis\_minted-thesis/71ABA66D980256412BDB68BD60A30BF50102E502927AACB428B4F294F23E2359.pygtex")
\openout3 = `thesis.pyg'.

 [49] ("c:/Users\asads\OneDrive - Higher Education Commission\Project\FYP Thesis\Final Thesis\_minted-thesis/6CD1C783888792CA43864F08F12DB6C80102E502927AACB428B4F294F23E2359.pygtex")
\openout3 = `thesis.pyg'.

 [50] ("c:/Users\asads\OneDrive - Higher Education Commission\Project\FYP Thesis\Final Thesis\_minted-thesis/506F0269B7F6987869E1198ED2FEA23B0102E502927AACB428B4F294F23E2359.pygtex")
\openout3 = `thesis.pyg'.

 ("c:/Users\asads\OneDrive - Higher Education Commission\Project\FYP Thesis\Final Thesis\_minted-thesis/6097C1387F966854EC621A46166206930102E502927AACB428B4F294F23E2359.pygtex")
\openout3 = `thesis.pyg'.

 ("c:/Users\asads\OneDrive - Higher Education Commission\Project\FYP Thesis\Final Thesis\_minted-thesis/51FCE69323BFF2204C96C05458BCF1B80102E502927AACB428B4F294F23E2359.pygtex")
\openout3 = `thesis.pyg'.

 [51] ("c:/Users\asads\OneDrive - Higher Education Commission\Project\FYP Thesis\Final Thesis\_minted-thesis/9194B90CC7826CF0988041D16D31DFF80102E502927AACB428B4F294F23E2359.pygtex")
<CHAPTERS/Chapter-5/images/5.8.PNG, id=1010, 780.66656pt x 345.54094pt>
File: CHAPTERS/Chapter-5/images/5.8.PNG Graphic file (type png)
<use CHAPTERS/Chapter-5/images/5.8.PNG>
Package pdftex.def Info: CHAPTERS/Chapter-5/images/5.8.PNG  used on input line 284.
(pdftex.def)             Requested size: 468.40355pt x 207.32616pt.

Overfull \hbox (15.43565pt too wide) in paragraph at lines 284--285
 [][] 
 []

[52 <c:/Users/asads/OneDrive - Higher Education Commission/Project/FYP Thesis/Final Thesis/CHAPTERS/Chapter-5/images/5.8.PNG>] [53]
<CHAPTERS/Chapter-5/images/5.9.PNG, id=1025, 1003.75pt x 1003.75pt>
File: CHAPTERS/Chapter-5/images/5.9.PNG Graphic file (type png)
<use CHAPTERS/Chapter-5/images/5.9.PNG>
Package pdftex.def Info: CHAPTERS/Chapter-5/images/5.9.PNG  used on input line 315.
(pdftex.def)             Requested size: 200.74644pt x 200.74644pt.
\openout3 = `thesis.pyg'.

 [54 <c:/Users/asads/OneDrive - Higher Education Commission/Project/FYP Thesis/Final Thesis/CHAPTERS/Chapter-5/images/5.9.PNG (PNG copy)>] ("c:/Users\asads\OneDrive - Higher Education Commission\Project\FYP Thesis\Final Thesis\_minted-thesis/71BA83415F90883E1BE5AF2DB9BBBE1E0102E502927AACB428B4F294F23E2359.pygtex")
<CHAPTERS/Chapter-5/images/5.10.PNG, id=1034, 411.78844pt x 138.5175pt>
File: CHAPTERS/Chapter-5/images/5.10.PNG Graphic file (type png)
<use CHAPTERS/Chapter-5/images/5.10.PNG>
Package pdftex.def Info: CHAPTERS/Chapter-5/images/5.10.PNG  used on input line 335.
(pdftex.def)             Requested size: 329.43118pt x 110.81413pt.
<CHAPTERS/Chapter-5/images/5.11.PNG, id=1036, 386.94562pt x 150.5625pt>
File: CHAPTERS/Chapter-5/images/5.11.PNG Graphic file (type png)
<use CHAPTERS/Chapter-5/images/5.11.PNG>
Package pdftex.def Info: CHAPTERS/Chapter-5/images/5.11.PNG  used on input line 343.
(pdftex.def)             Requested size: 309.55692pt x 120.45015pt.
\openout3 = `thesis.pyg'.

 [55 <c:/Users/asads/OneDrive - Higher Education Commission/Project/FYP Thesis/Final Thesis/CHAPTERS/Chapter-5/images/5.10.PNG> <c:/Users/asads/OneDrive - Higher Education Commission/Project/FYP Thesis/Final Thesis/CHAPTERS/Chapter-5/images/5.11.PNG>] ("c:/Users\asads\OneDrive - Higher Education Commission\Project\FYP Thesis\Final Thesis\_minted-thesis/CEE3E0A4E5D79E1D7CD24DDEEC9C62890102E502927AACB428B4F294F23E2359.pygtex")
<CHAPTERS/Chapter-5/images/5.12a.jpg, id=1045, 525.965pt x 350.30875pt>
File: CHAPTERS/Chapter-5/images/5.12a.jpg Graphic file (type jpg)
<use CHAPTERS/Chapter-5/images/5.12a.jpg>
Package pdftex.def Info: CHAPTERS/Chapter-5/images/5.12a.jpg  used on input line 364.
(pdftex.def)             Requested size: 199.17055pt x 142.26447pt.
<CHAPTERS/Chapter-5/images/5.12b.jpg, id=1046, 467.7475pt x 350.30875pt>
File: CHAPTERS/Chapter-5/images/5.12b.jpg Graphic file (type jpg)
<use CHAPTERS/Chapter-5/images/5.12b.jpg>
Package pdftex.def Info: CHAPTERS/Chapter-5/images/5.12b.jpg  used on input line 372.
(pdftex.def)             Requested size: 199.17189pt x 142.26447pt.
<CHAPTERS/Chapter-5/images/5.12c.jpg, id=1047, 506.6428pt x 262.73157pt>
File: CHAPTERS/Chapter-5/images/5.12c.jpg Graphic file (type jpg)
<use CHAPTERS/Chapter-5/images/5.12c.jpg>
Package pdftex.def Info: CHAPTERS/Chapter-5/images/5.12c.jpg  used on input line 380.
(pdftex.def)             Requested size: 199.16696pt x 142.2698pt.
<CHAPTERS/Chapter-5/images/5.12d.jpg, id=1048, 622.325pt x 350.30875pt>
File: CHAPTERS/Chapter-5/images/5.12d.jpg Graphic file (type jpg)
<use CHAPTERS/Chapter-5/images/5.12d.jpg>
Package pdftex.def Info: CHAPTERS/Chapter-5/images/5.12d.jpg  used on input line 388.
(pdftex.def)             Requested size: 199.16705pt x 142.26447pt.
 [56 <c:/Users/asads/OneDrive - Higher Education Commission/Project/FYP Thesis/Final Thesis/CHAPTERS/Chapter-5/images/5.12a.jpg> <c:/Users/asads/OneDrive - Higher Education Commission/Project/FYP Thesis/Final Thesis/CHAPTERS/Chapter-5/images/5.12b.jpg> <c:/Users/asads/OneDrive - Higher Education Commission/Project/FYP Thesis/Final Thesis/CHAPTERS/Chapter-5/images/5.12c.jpg> <c:/Users/asads/OneDrive - Higher Education Commission/Project/FYP Thesis/Final Thesis/CHAPTERS/Chapter-5/images/5.12d.jpg>]) [57] ("c:/Users\asads\OneDrive - Higher Education Commission\Project\FYP Thesis\Final Thesis\thesis.bbl" [58



] [59])
Package atveryend Info: Empty hook `BeforeClearDocument' on input line 185.
 [60]
Package atveryend Info: Empty hook `AfterLastShipout' on input line 185.
 ("c:/Users\asads\OneDrive - Higher Education Commission\Project\FYP Thesis\Final Thesis\thesis.aux" ("c:/Users\asads\OneDrive - Higher Education Commission\Project\FYP Thesis\Final Thesis\front/abbreviations.aux") ("c:/Users\asads\OneDrive - Higher Education Commission\Project\FYP Thesis\Final Thesis\CHAPTERS/Chapter-1/Chapter-1.aux") ("c:/Users\asads\OneDrive - Higher Education Commission\Project\FYP Thesis\Final Thesis\CHAPTERS/Chapter-2/Chapter-2.aux") ("c:/Users\asads\OneDrive - Higher Education Commission\Project\FYP Thesis\Final Thesis\CHAPTERS/Chapter-3/Chapter-3.aux") ("c:/Users\asads\OneDrive - Higher Education Commission\Project\FYP Thesis\Final Thesis\CHAPTERS/Chapter-4/Chapter-4.aux") ("c:/Users\asads\OneDrive - Higher Education Commission\Project\FYP Thesis\Final Thesis\CHAPTERS/Chapter-5/Chapter-5.aux"))
Package atveryend Info: Executing hook `AtVeryEndDocument' on input line 185.
Package atveryend Info: Executing hook `AtEndAfterFileList' on input line 185.
Package rerunfilecheck Info: File `thesis.out' has not changed.
(rerunfilecheck)             Checksum: 7080C86317B7E7FF5BF38954A6156F96;6332.


LaTeX Font Warning: Some font shapes were not available, defaults substituted.


LaTeX Warning: There were multiply-defined labels.

runsystem(del thesis.pyg)...executed.

Package atveryend Info: Empty hook `AtVeryVeryEnd' on input line 185.
 )
(\end occurred when \ifodd on line 113 was incomplete) 
Here is how much of TeX's memory you used:
 13960 strings out of 480797
 258935 string characters out of 2905361
 662804 words of memory out of 3000000
 29196 multiletter control sequences out of 15000+200000
 544145 words of font info for 59 fonts, out of 3000000 for 9000
 1141 hyphenation exceptions out of 8191
 39i,16n,54p,1043b,637s stack positions out of 5000i,500n,10000p,200000b,50000s
{C:/Program Files/MiKTeX 2.9/fonts/enc/dvips/base/8r.enc} <C:\Users\asads\AppData\Local\MiKTeX\2.9\fonts/pk/ljfour/jknappen/ec/dpi600\tcrm1200.pk><C:/Program Files/MiKTeX 2.9/fonts/type1/public/amsfonts/cm/cmbx12.pfb><C:/Program Files/MiKTeX 2.9/fonts/type1/public/amsfonts/cm/cmbxti10.pfb><C:/Program Files/MiKTeX 2.9/fonts/type1/public/amsfonts/cm/cmcsc10.pfb><C:/Program Files/MiKTeX 2.9/fonts/type1/public/amsfonts/cm/cmitt10.pfb><C:/Program Files/MiKTeX 2.9/fonts/type1/public/amsfonts/cm/cmmi12.pfb><C:/Program Files/MiKTeX 2.9/fonts/type1/public/amsfonts/cm/cmmi8.pfb><C:/Program Files/MiKTeX 2.9/fonts/type1/public/amsfonts/cm/cmr10.pfb><C:/Program Files/MiKTeX 2.9/fonts/type1/public/amsfonts/cm/cmr12.pfb><C:/Program Files/MiKTeX 2.9/fonts/type1/public/amsfonts/cm/cmr17.pfb><C:/Program Files/MiKTeX 2.9/fonts/type1/public/amsfonts/cm/cmr6.pfb><C:/Program Files/MiKTeX 2.9/fonts/type1/public/amsfonts/cm/cmr8.pfb><C:/Program Files/MiKTeX 2.9/fonts/type1/public/amsfonts/cm/cmsy10.pfb><C:/Program Files/MiKTeX 2.9/fonts/type1/public/amsfonts/cm/cmsy6.pfb><C:/Program Files/MiKTeX 2.9/fonts/type1/public/amsfonts/cm/cmsy8.pfb><C:/Program Files/MiKTeX 2.9/fonts/type1/public/amsfonts/cm/cmti12.pfb><C:/Program Files/MiKTeX 2.9/fonts/type1/public/amsfonts/cm/cmtt10.pfb><C:/Program Files/MiKTeX 2.9/fonts/type1/urw/helvetic/uhvbo8a.pfb>
Output written on "c:/Users\asads\OneDrive - Higher Education Commission\Project\FYP Thesis\Final Thesis\thesis.pdf" (74 pages, 7555685 bytes).
PDF statistics:
 1193 PDF objects out of 1200 (max. 8388607)
 279 named destinations out of 1000 (max. 500000)
 906 words of extra memory for PDF output out of 10000 (max. 10000000)

