\BOOKMARK [1][-]{Contents.1}{Contents}{}% 1
\BOOKMARK [0][-]{section*.3}{List of Figures}{}% 2
\BOOKMARK [0][-]{section*.5}{List of Tables}{}% 3
\BOOKMARK [0][-]{chapter*.7}{Abstract}{}% 4
\BOOKMARK [1][-]{section*.8}{Abstract}{chapter*.7}% 5
\BOOKMARK [0][-]{chapter.1}{1 Introduction}{}% 6
\BOOKMARK [1][-]{section.1.1}{1.1 Motivation}{chapter.1}% 7
\BOOKMARK [1][-]{section.1.2}{1.2 Background}{chapter.1}% 8
\BOOKMARK [1][-]{section.1.3}{1.3 Goals \046 Objectives}{chapter.1}% 9
\BOOKMARK [1][-]{section.1.4}{1.4 Challenges}{chapter.1}% 10
\BOOKMARK [1][-]{section.1.5}{1.5 Organization of Thesis}{chapter.1}% 11
\BOOKMARK [0][-]{chapter.2}{2 Literature Review}{}% 12
\BOOKMARK [1][-]{section.2.1}{2.1 History of Object Recognition \046 Detection}{chapter.2}% 13
\BOOKMARK [1][-]{section.2.2}{2.2 Basics of an Image}{chapter.2}% 14
\BOOKMARK [2][-]{subsection.2.2.1}{2.2.1 8-Bit Gray Level Images}{section.2.2}% 15
\BOOKMARK [2][-]{subsection.2.2.2}{2.2.2 2.2 24-bit Color Images}{section.2.2}% 16
\BOOKMARK [2][-]{subsection.2.2.3}{2.2.3 8-Bit Color Images}{section.2.2}% 17
\BOOKMARK [2][-]{subsection.2.2.4}{2.2.4 Intensity Images}{section.2.2}% 18
\BOOKMARK [2][-]{subsection.2.2.5}{2.2.5 Red, Green, and Blue Components and Grayscale Conversion}{section.2.2}% 19
\BOOKMARK [1][-]{section.2.3}{2.3 Image Classification}{chapter.2}% 20
\BOOKMARK [2][-]{subsection.2.3.1}{2.3.1 Convolutional Neural Networks}{section.2.3}% 21
\BOOKMARK [3][-]{subsubsection.2.3.1.1}{2.3.1.1 CNN Architectures}{subsection.2.3.1}% 22
\BOOKMARK [0][-]{chapter.3}{3 Convolutional Neural Networks \(CNNs\)}{}% 23
\BOOKMARK [1][-]{section.3.1}{3.1 Convolutional Neural Networks Architecture}{chapter.3}% 24
\BOOKMARK [2][-]{subsection.3.1.1}{3.1.1 Convolutional Layer}{section.3.1}% 25
\BOOKMARK [3][-]{subsubsection.3.1.1.1}{3.1.1.1 Activation Functions}{subsection.3.1.1}% 26
\BOOKMARK [2][-]{subsection.3.1.2}{3.1.2 Pooling Layer}{section.3.1}% 27
\BOOKMARK [3][-]{subsubsection.3.1.2.1}{3.1.2.1 Average Pooling}{subsection.3.1.2}% 28
\BOOKMARK [3][-]{subsubsection.3.1.2.2}{3.1.2.2 Max Pooling}{subsection.3.1.2}% 29
\BOOKMARK [2][-]{subsection.3.1.3}{3.1.3 Flatten Layer}{section.3.1}% 30
\BOOKMARK [2][-]{subsection.3.1.4}{3.1.4 Fully Connected Layer}{section.3.1}% 31
\BOOKMARK [0][-]{chapter.4}{4 System Overview}{}% 32
\BOOKMARK [0][-]{section*.42}{Appendices}{}% 33
\BOOKMARK [0][-]{section*.43}{References}{}% 34
